<?xml version="1.0" encoding="UTF-8"?>
<testsuite xmlns:xsi="http://www.w3.org/2001/XMLSchema-instance" xsi:noNamespaceSchemaLocation="https://maven.apache.org/surefire/maven-surefire-plugin/xsd/surefire-test-report.xsd" name="com.mycompany.app.AppTest" time="0.062" tests="2" errors="0" skipped="0" failures="0">
  <properties>
    <property name="sun.desktop" value="windows"/>
    <property name="awt.toolkit" value="sun.awt.windows.WToolkit"/>
    <property name="file.encoding.pkg" value="sun.io"/>
    <property name="java.specification.version" value="1.8"/>
    <property name="sun.cpu.isalist" value="amd64"/>
    <property name="sun.jnu.encoding" value="Cp1252"/>
    <property name="java.class.path" value="C:\Users\junbang\Desktop\maven-java\my-app\target\test-classes;C:\Users\junbang\Desktop\maven-java\my-app\target\classes;C:\Users\junbang\.m2\repository\junit\junit\4.11\junit-4.11.jar;C:\Users\junbang\.m2\repository\org\hamcrest\hamcrest-core\1.3\hamcrest-core-1.3.jar;C:\Users\junbang\.m2\repository\commons-codec\commons-codec\1.11\commons-codec-1.11.jar;"/>
    <property name="java.vm.vendor" value="Oracle Corporation"/>
    <property name="sun.arch.data.model" value="64"/>
    <property name="user.variant" value=""/>
    <property name="java.vendor.url" value="http://java.oracle.com/"/>
    <property name="user.timezone" value="Asia/Singapore"/>
    <property name="java.vm.specification.version" value="1.8"/>
    <property name="os.name" value="Windows 10"/>
    <property name="user.country" value="US"/>
    <property name="sun.java.launcher" value="SUN_STANDARD"/>
    <property name="sun.boot.library.path" value="C:\Java\jdk1.8.0_191\jre\bin"/>
    <property name="sun.java.command" value="C:\Users\junbang\AppData\Local\Temp\surefire5459230300023834809\surefirebooter6666029980285242050.jar C:\Users\junbang\AppData\Local\Temp\surefire5459230300023834809 2021-05-29T15-19-41_343-jvmRun1 surefire8358920876224184868tmp surefire_02062426868897884956tmp"/>
    <property name="surefire.test.class.path" value="C:\Users\junbang\Desktop\maven-java\my-app\target\test-classes;C:\Users\junbang\Desktop\maven-java\my-app\target\classes;C:\Users\junbang\.m2\repository\junit\junit\4.11\junit-4.11.jar;C:\Users\junbang\.m2\repository\org\hamcrest\hamcrest-core\1.3\hamcrest-core-1.3.jar;C:\Users\junbang\.m2\repository\commons-codec\commons-codec\1.11\commons-codec-1.11.jar;"/>
    <property name="sun.cpu.endian" value="little"/>
    <property name="user.home" value="C:\Users\junbang"/>
    <property name="user.language" value="en"/>
    <property name="java.specification.vendor" value="Oracle Corporation"/>
    <property name="java.home" value="C:\Java\jdk1.8.0_191\jre"/>
    <property name="basedir" value="C:\Users\junbang\Desktop\maven-java\my-app"/>
    <property name="file.separator" value="\"/>
    <property name="line.separator" value="&#10;"/>
    <property name="java.vm.specification.vendor" value="Oracle Corporation"/>
    <property name="java.specification.name" value="Java Platform API Specification"/>
    <property name="java.awt.graphicsenv" value="sun.awt.Win32GraphicsEnvironment"/>
    <property name="surefire.real.class.path" value="C:\Users\junbang\AppData\Local\Temp\surefire5459230300023834809\surefirebooter6666029980285242050.jar"/>
    <property name="sun.boot.class.path" value="C:\Java\jdk1.8.0_191\jre\lib\resources.jar;C:\Java\jdk1.8.0_191\jre\lib\rt.jar;C:\Java\jdk1.8.0_191\jre\lib\sunrsasign.jar;C:\Java\jdk1.8.0_191\jre\lib\jsse.jar;C:\Java\jdk1.8.0_191\jre\lib\jce.jar;C:\Java\jdk1.8.0_191\jre\lib\charsets.jar;C:\Java\jdk1.8.0_191\jre\lib\jfr.jar;C:\Java\jdk1.8.0_191\jre\classes"/>
    <property name="user.script" value=""/>
    <property name="sun.management.compiler" value="HotSpot 64-Bit Tiered Compilers"/>
    <property name="java.runtime.version" value="1.8.0_191-b12"/>
    <property name="user.name" value="junbang"/>
    <property name="path.separator" value=";"/>
    <property name="os.version" value="10.0"/>
    <property name="java.endorsed.dirs" value="C:\Java\jdk1.8.0_191\jre\lib\endorsed"/>
    <property name="java.runtime.name" value="Java(TM) SE Runtime Environment"/>
    <property name="file.encoding" value="Cp1252"/>
    <property name="java.vm.name" value="Java HotSpot(TM) 64-Bit Server VM"/>
    <property name="localRepository" value="C:\Users\junbang\.m2\repository"/>
    <property name="java.vendor.url.bug" value="http://bugreport.sun.com/bugreport/"/>
    <property name="java.io.tmpdir" value="C:\Users\junbang\AppData\Local\Temp\"/>
    <property name="java.version" value="1.8.0_191"/>
    <property name="user.dir" value="C:\Users\junbang\Desktop\maven-java\my-app"/>
    <property name="os.arch" value="amd64"/>
    <property name="java.vm.specification.name" value="Java Virtual Machine Specification"/>
    <property name="java.awt.printerjob" value="sun.awt.windows.WPrinterJob"/>
    <property name="sun.os.patch.level" value=""/>
    <property name="java.library.path" value="C:\Java\jdk1.8.0_191\jre\bin;C:\WINDOWS\Sun\Java\bin;C:\WINDOWS\system32;C:\WINDOWS;C:\Windows\system32;C:\Java\jdk1.8.0_191\bin;C:\hadoop\bin;C:\hadoop\sbin;C:\MinGW\mingw64\bin;D:\.ebcli-virtual-env\executables;C:\Program Files\Python37\Scripts\;C:\Program Files\Python37\;C:\Program Files\Java\jdk-11.0.1\bin;C:\Program Files\Java\jdk1.8.0_191\bin;C:\Program Files\Python37\Scripts;C:\Program Files\Java\jdk1.7.0_80\bin;C:\Program Files\Graphviz\bin;C:\Program Files\NVIDIA Corporation\NVIDIA NvDLISR;C:\Program Files (x86)\NVIDIA Corporation\PhysX\Common;C:\Program Files\Git\cmd;C:\sqlite\sqlite3.exe;C:\tcl8.6.10;C:\Users\junbang\Desktop\smartharvest_backend\node_modules\.bin\express.cmd;C:\WINDOWS\system32;C:\WINDOWS;C:\WINDOWS\System32\Wbem;C:\WINDOWS\System32\WindowsPowerShell\v1.0\;C:\WINDOWS\System32\OpenSSH\;C:\Program Files\Go\bin;C:\Users\junbang\Desktop\Vim\MinGW\msys\1.0\home;C:\Users\junbang\Desktop\Vim\MinGW\bin;C:\Program Files (x86)\Graphviz2.38\bin;C:\Program Files\Microsoft SQL Server\130\Tools\Binn\;C:\Qt\Qt5.11.1\5.11.1\msvc2015\bin;c:\WINDOWS\System32\WBem;C:\Program Files\PostgreSQL\12\bin;C:\WINDOWS\system32\config\systemprofile\AppData\Roaming\Python\Python36\Scripts;C:\WINDOWS\system32\config\systemprofile\AppData\Local\Programs\Python\Python36\Scripts;C:\Program Files\nodejs\;C:\opt\apache-maven-3.6.3\bin;C:\spin;C:\Program Files (x86)\Microsoft Visual Studio\2019\Community\VC\Tools\MSVC\14.27.29110\bin\Hostx64\x64;C:\tcl8.6.10\win\Release_AMD64_VC1927;C:\tk8.6.10\win\Release_AMD64_VC1927;C:\cygwin64\bin;C:\Windows\system32;C:\Users\junbang\go\bin;C:\hadoop\bin;C:\hadoop\sbin;C:\Gradle\gradle-7.0.2\bin;C:\MinGW\mingw64\bin;C:\Users\junbang\AppData\Local\Programs\Python\Python37\Scripts\;C:\Users\junbang\AppData\Local\Programs\Python\Python37\;C:\Program Files\Python37\Scripts;C:\Java\jdk1.8.0_191\bin;D:\.ebcli-virtual-env\executables;C:\Program Files\Java\jdk-11.0.1\bin;C:\Users\junbang\Desktop\Vim\MinGW\msys\1.0\home;C:\Program Files\Graphviz\bin;C:\tcl8.6.10;C:\Users\junbang\AppData\Local\Programs\Microsoft VS Code\bin;C:\sqlite\sqlite3.exe;C:\Users\junbang\Desktop\smartharvest_backend\node_modules\.bin\express.cmd;c:\Users\junbang\AppData\Local\Android\Sdk\platform-tools;C:\Program Files\JetBrains\IntelliJ IDEA Community Edition 2020.2.1\bin;;C:\Users\junbang\Desktop\Vim\MinGW\bin;C:\Users\junbang\AppData\Local\Microsoft\WindowsApps;C:\Qt\Qt5.11.1\5.11.1\msvc2015\bin;C:\Users\junbang\AppData\Local\Programs\Python\Python36\Scripts;C:\Users\junbang\AppData\Roaming\Python\Python36\Scripts;C:\Users\junbang\AppData\Roaming\npm;C:\Program Files (x86)\SSH Communications Security\SSH Secure Shell;C:\Program Files\Docker Toolbox;C:\Program Files\MongoDB\Server\4.4\bin;C:\Users\junbang\AppData\Local\Google\Cloud SDK\google-cloud-sdk\bin;C:\Program Files\JetBrains\IntelliJ IDEA 2020.2.3\bin;;C:\Program Files\JetBrains\PyCharm Community Edition 2021.1.1\bin;;;."/>
    <property name="java.vm.info" value="mixed mode"/>
    <property name="java.vendor" value="Oracle Corporation"/>
    <property name="java.vm.version" value="25.191-b12"/>
    <property name="java.ext.dirs" value="C:\Java\jdk1.8.0_191\jre\lib\ext;C:\WINDOWS\Sun\Java\lib\ext"/>
    <property name="sun.io.unicode.encoding" value="UnicodeLittle"/>
    <property name="java.class.version" value="52.0"/>
  </properties>
  <testcase name="testHex" classname="com.mycompany.app.AppTest" time="0.027"/>
  <testcase name="testLength" classname="com.mycompany.app.AppTest" time="0"/>
</testsuite>